<?xml version="1.0" encoding="UTF-8"?>
<testsuite name="nio.ClientTest" tests="23" skipped="0" failures="0" errors="0" timestamp="2022-03-28T11:17:46" hostname="Mops" time="83.009">
  <properties/>
  <testcase name="getResultMultithreading" classname="nio.ClientTest" time="2.495"/>
  <testcase name="cancelResult" classname="nio.ClientTest" time="2.615"/>
  <testcase name="singleClientCalculate" classname="nio.ClientTest" time="2.609"/>
  <testcase name="cancelDoneResult" classname="nio.ClientTest" time="2.293"/>
  <testcase name="negThreadsCount" classname="nio.ClientTest" time="2.649"/>
  <testcase name="multiClientCalculateHugeOperands" classname="nio.ClientTest" time="5.795"/>
  <testcase name="nullOperands" classname="nio.ClientTest" time="2.737"/>
  <testcase name="twoClientCalculate" classname="nio.ClientTest" time="4.472"/>
  <testcase name="closeTest" classname="nio.ClientTest" time="2.67"/>
  <testcase name="cancelResultDontExist" classname="nio.ClientTest" time="2.44"/>
  <testcase name="multiClientCalculate" classname="nio.ClientTest" time="3.535"/>
  <testcase name="getResultDontExist" classname="nio.ClientTest" time="2.743"/>
  <testcase name="nonNullCalculate" classname="nio.ClientTest" time="2.799"/>
  <testcase name="getResult" classname="nio.ClientTest" time="3.017"/>
  <testcase name="negPorts" classname="nio.ClientTest" time="2.835"/>
  <testcase name="nullPorts" classname="nio.ClientTest" time="2.942"/>
  <testcase name="multiThreadingClientCalculate" classname="nio.ClientTest" time="17.32"/>
  <testcase name="nEqualsOperands" classname="nio.ClientTest" time="2.747"/>
  <testcase name="closeReopenTest" classname="nio.ClientTest" time="3.624"/>
  <testcase name="singleOperandCalculate" classname="nio.ClientTest" time="2.765"/>
  <testcase name="invalidOperandCalculate" classname="nio.ClientTest" time="2.606"/>
  <testcase name="negServerPort" classname="nio.ClientTest" time="2.563"/>
  <testcase name="resultMapCheck" classname="nio.ClientTest" time="2.698"/>
  <system-out><![CDATA[]]></system-out>
  <system-err><![CDATA[java.lang.InterruptedException
	at java.base/java.util.concurrent.locks.AbstractQueuedSynchronizer$ConditionObject.reportInterruptAfterWait(AbstractQueuedSynchronizer.java:2056)
	at java.base/java.util.concurrent.locks.AbstractQueuedSynchronizer$ConditionObject.await(AbstractQueuedSynchronizer.java:2090)
	at java.base/java.util.concurrent.LinkedBlockingQueue.take(LinkedBlockingQueue.java:433)
	at nio.Server.lambda$createAnswerThread$2(Server.java:104)
	at java.base/java.lang.Thread.run(Thread.java:829)
java.lang.InterruptedException
	at java.base/java.util.concurrent.locks.AbstractQueuedSynchronizer$ConditionObject.reportInterruptAfterWait(AbstractQueuedSynchronizer.java:2056)
	at java.base/java.util.concurrent.locks.AbstractQueuedSynchronizer$ConditionObject.await(AbstractQueuedSynchronizer.java:2090)
	at java.base/java.util.concurrent.LinkedBlockingQueue.take(LinkedBlockingQueue.java:433)
	at nio.Server.lambda$createAnswerThread$2(Server.java:104)
	at java.base/java.lang.Thread.run(Thread.java:829)
java.lang.InterruptedException
	at java.base/java.util.concurrent.locks.AbstractQueuedSynchronizer$ConditionObject.reportInterruptAfterWait(AbstractQueuedSynchronizer.java:2056)
	at java.base/java.util.concurrent.locks.AbstractQueuedSynchronizer$ConditionObject.await(AbstractQueuedSynchronizer.java:2090)
	at java.base/java.util.concurrent.LinkedBlockingQueue.take(LinkedBlockingQueue.java:433)
	at nio.Server.lambda$createAnswerThread$2(Server.java:104)
	at java.base/java.lang.Thread.run(Thread.java:829)
java.lang.InterruptedException
	at java.base/java.util.concurrent.locks.AbstractQueuedSynchronizer$ConditionObject.reportInterruptAfterWait(AbstractQueuedSynchronizer.java:2056)
	at java.base/java.util.concurrent.locks.AbstractQueuedSynchronizer$ConditionObject.await(AbstractQueuedSynchronizer.java:2090)
	at java.base/java.util.concurrent.LinkedBlockingQueue.take(LinkedBlockingQueue.java:433)
	at nio.Server.lambda$createAnswerThread$2(Server.java:104)
	at java.base/java.lang.Thread.run(Thread.java:829)
java.lang.InterruptedException
	at java.base/java.util.concurrent.locks.AbstractQueuedSynchronizer$ConditionObject.reportInterruptAfterWait(AbstractQueuedSynchronizer.java:2056)
	at java.base/java.util.concurrent.locks.AbstractQueuedSynchronizer$ConditionObject.await(AbstractQueuedSynchronizer.java:2090)
	at java.base/java.util.concurrent.LinkedBlockingQueue.take(LinkedBlockingQueue.java:433)
	at nio.Server.lambda$createAnswerThread$2(Server.java:104)
	at java.base/java.lang.Thread.run(Thread.java:829)
java.lang.InterruptedException
	at java.base/java.util.concurrent.locks.AbstractQueuedSynchronizer$ConditionObject.reportInterruptAfterWait(AbstractQueuedSynchronizer.java:2056)
	at java.base/java.util.concurrent.locks.AbstractQueuedSynchronizer$ConditionObject.await(AbstractQueuedSynchronizer.java:2090)
	at java.base/java.util.concurrent.LinkedBlockingQueue.take(LinkedBlockingQueue.java:433)
	at nio.Server.lambda$createAnswerThread$2(Server.java:104)
	at java.base/java.lang.Thread.run(Thread.java:829)
java.lang.InterruptedException
	at java.base/java.util.concurrent.locks.AbstractQueuedSynchronizer$ConditionObject.reportInterruptAfterWait(AbstractQueuedSynchronizer.java:2056)
	at java.base/java.util.concurrent.locks.AbstractQueuedSynchronizer$ConditionObject.await(AbstractQueuedSynchronizer.java:2090)
	at java.base/java.util.concurrent.LinkedBlockingQueue.take(LinkedBlockingQueue.java:433)
	at nio.Server.lambda$createAnswerThread$2(Server.java:104)
	at java.base/java.lang.Thread.run(Thread.java:829)
java.lang.InterruptedException
	at java.base/java.util.concurrent.locks.AbstractQueuedSynchronizer$ConditionObject.reportInterruptAfterWait(AbstractQueuedSynchronizer.java:2056)
	at java.base/java.util.concurrent.locks.AbstractQueuedSynchronizer$ConditionObject.await(AbstractQueuedSynchronizer.java:2090)
	at java.base/java.util.concurrent.LinkedBlockingQueue.take(LinkedBlockingQueue.java:433)
	at nio.Server.lambda$createAnswerThread$2(Server.java:104)
	at java.base/java.lang.Thread.run(Thread.java:829)
java.lang.InterruptedException
	at java.base/java.util.concurrent.locks.AbstractQueuedSynchronizer$ConditionObject.reportInterruptAfterWait(AbstractQueuedSynchronizer.java:2056)
	at java.base/java.util.concurrent.locks.AbstractQueuedSynchronizer$ConditionObject.await(AbstractQueuedSynchronizer.java:2090)
	at java.base/java.util.concurrent.LinkedBlockingQueue.take(LinkedBlockingQueue.java:433)
	at nio.Server.lambda$createAnswerThread$2(Server.java:104)
	at java.base/java.lang.Thread.run(Thread.java:829)
java.lang.InterruptedException
	at java.base/java.util.concurrent.locks.AbstractQueuedSynchronizer$ConditionObject.reportInterruptAfterWait(AbstractQueuedSynchronizer.java:2056)
	at java.base/java.util.concurrent.locks.AbstractQueuedSynchronizer$ConditionObject.await(AbstractQueuedSynchronizer.java:2090)
	at java.base/java.util.concurrent.LinkedBlockingQueue.take(LinkedBlockingQueue.java:433)
	at nio.Server.lambda$createAnswerThread$2(Server.java:104)
	at java.base/java.lang.Thread.run(Thread.java:829)
java.lang.InterruptedException
	at java.base/java.util.concurrent.locks.AbstractQueuedSynchronizer$ConditionObject.reportInterruptAfterWait(AbstractQueuedSynchronizer.java:2056)
	at java.base/java.util.concurrent.locks.AbstractQueuedSynchronizer$ConditionObject.await(AbstractQueuedSynchronizer.java:2090)
	at java.base/java.util.concurrent.LinkedBlockingQueue.take(LinkedBlockingQueue.java:433)
	at nio.Server.lambda$createAnswerThread$2(Server.java:104)
	at java.base/java.lang.Thread.run(Thread.java:829)
java.lang.InterruptedException
	at java.base/java.util.concurrent.locks.AbstractQueuedSynchronizer$ConditionObject.reportInterruptAfterWait(AbstractQueuedSynchronizer.java:2056)
	at java.base/java.util.concurrent.locks.AbstractQueuedSynchronizer$ConditionObject.await(AbstractQueuedSynchronizer.java:2090)
	at java.base/java.util.concurrent.LinkedBlockingQueue.take(LinkedBlockingQueue.java:433)
	at nio.Server.lambda$createAnswerThread$2(Server.java:104)
	at java.base/java.lang.Thread.run(Thread.java:829)
java.lang.InterruptedException
	at java.base/java.util.concurrent.locks.AbstractQueuedSynchronizer$ConditionObject.reportInterruptAfterWait(AbstractQueuedSynchronizer.java:2056)
	at java.base/java.util.concurrent.locks.AbstractQueuedSynchronizer$ConditionObject.await(AbstractQueuedSynchronizer.java:2090)
	at java.base/java.util.concurrent.LinkedBlockingQueue.take(LinkedBlockingQueue.java:433)
	at nio.Server.lambda$createAnswerThread$2(Server.java:104)
	at java.base/java.lang.Thread.run(Thread.java:829)
java.lang.InterruptedException
	at java.base/java.util.concurrent.locks.AbstractQueuedSynchronizer$ConditionObject.reportInterruptAfterWait(AbstractQueuedSynchronizer.java:2056)
	at java.base/java.util.concurrent.locks.AbstractQueuedSynchronizer$ConditionObject.await(AbstractQueuedSynchronizer.java:2090)
	at java.base/java.util.concurrent.LinkedBlockingQueue.take(LinkedBlockingQueue.java:433)
	at nio.Server.lambda$createAnswerThread$2(Server.java:104)
	at java.base/java.lang.Thread.run(Thread.java:829)
java.lang.InterruptedException
	at java.base/java.util.concurrent.locks.AbstractQueuedSynchronizer$ConditionObject.reportInterruptAfterWait(AbstractQueuedSynchronizer.java:2056)
	at java.base/java.util.concurrent.locks.AbstractQueuedSynchronizer$ConditionObject.await(AbstractQueuedSynchronizer.java:2090)
	at java.base/java.util.concurrent.LinkedBlockingQueue.take(LinkedBlockingQueue.java:433)
	at nio.Server.lambda$createAnswerThread$2(Server.java:104)
	at java.base/java.lang.Thread.run(Thread.java:829)
java.lang.InterruptedException
	at java.base/java.util.concurrent.locks.AbstractQueuedSynchronizer$ConditionObject.reportInterruptAfterWait(AbstractQueuedSynchronizer.java:2056)
	at java.base/java.util.concurrent.locks.AbstractQueuedSynchronizer$ConditionObject.await(AbstractQueuedSynchronizer.java:2090)
	at java.base/java.util.concurrent.LinkedBlockingQueue.take(LinkedBlockingQueue.java:433)
	at nio.Server.lambda$createAnswerThread$2(Server.java:104)
	at java.base/java.lang.Thread.run(Thread.java:829)
java.lang.InterruptedException
	at java.base/java.util.concurrent.locks.AbstractQueuedSynchronizer$ConditionObject.reportInterruptAfterWait(AbstractQueuedSynchronizer.java:2056)
	at java.base/java.util.concurrent.locks.AbstractQueuedSynchronizer$ConditionObject.await(AbstractQueuedSynchronizer.java:2090)
	at java.base/java.util.concurrent.LinkedBlockingQueue.take(LinkedBlockingQueue.java:433)
	at nio.Server.lambda$createAnswerThread$2(Server.java:104)
	at java.base/java.lang.Thread.run(Thread.java:829)
java.lang.InterruptedException
	at java.base/java.util.concurrent.locks.AbstractQueuedSynchronizer$ConditionObject.reportInterruptAfterWait(AbstractQueuedSynchronizer.java:2056)
	at java.base/java.util.concurrent.locks.AbstractQueuedSynchronizer$ConditionObject.await(AbstractQueuedSynchronizer.java:2090)
	at java.base/java.util.concurrent.LinkedBlockingQueue.take(LinkedBlockingQueue.java:433)
	at nio.Server.lambda$createAnswerThread$2(Server.java:104)
	at java.base/java.lang.Thread.run(Thread.java:829)
java.lang.InterruptedException
	at java.base/java.util.concurrent.locks.AbstractQueuedSynchronizer$ConditionObject.reportInterruptAfterWait(AbstractQueuedSynchronizer.java:2056)
	at java.base/java.util.concurrent.locks.AbstractQueuedSynchronizer$ConditionObject.await(AbstractQueuedSynchronizer.java:2090)
	at java.base/java.util.concurrent.LinkedBlockingQueue.take(LinkedBlockingQueue.java:433)
	at nio.Server.lambda$createAnswerThread$2(Server.java:104)
	at java.base/java.lang.Thread.run(Thread.java:829)
java.lang.InterruptedException
	at java.base/java.util.concurrent.locks.AbstractQueuedSynchronizer$ConditionObject.reportInterruptAfterWait(AbstractQueuedSynchronizer.java:2056)
	at java.base/java.util.concurrent.locks.AbstractQueuedSynchronizer$ConditionObject.await(AbstractQueuedSynchronizer.java:2090)
	at java.base/java.util.concurrent.LinkedBlockingQueue.take(LinkedBlockingQueue.java:433)
	at nio.Server.lambda$createAnswerThread$2(Server.java:104)
	at java.base/java.lang.Thread.run(Thread.java:829)
java.lang.InterruptedException
	at java.base/java.util.concurrent.locks.AbstractQueuedSynchronizer$ConditionObject.reportInterruptAfterWait(AbstractQueuedSynchronizer.java:2056)
	at java.base/java.util.concurrent.locks.AbstractQueuedSynchronizer$ConditionObject.await(AbstractQueuedSynchronizer.java:2090)
	at java.base/java.util.concurrent.LinkedBlockingQueue.take(LinkedBlockingQueue.java:433)
	at nio.Server.lambda$createAnswerThread$2(Server.java:104)
	at java.base/java.lang.Thread.run(Thread.java:829)
java.lang.InterruptedException
	at java.base/java.util.concurrent.locks.AbstractQueuedSynchronizer$ConditionObject.reportInterruptAfterWait(AbstractQueuedSynchronizer.java:2056)
	at java.base/java.util.concurrent.locks.AbstractQueuedSynchronizer$ConditionObject.await(AbstractQueuedSynchronizer.java:2090)
	at java.base/java.util.concurrent.LinkedBlockingQueue.take(LinkedBlockingQueue.java:433)
	at nio.Server.lambda$createAnswerThread$2(Server.java:104)
	at java.base/java.lang.Thread.run(Thread.java:829)
java.lang.InterruptedException
	at java.base/java.util.concurrent.locks.AbstractQueuedSynchronizer$ConditionObject.reportInterruptAfterWait(AbstractQueuedSynchronizer.java:2056)
	at java.base/java.util.concurrent.locks.AbstractQueuedSynchronizer$ConditionObject.await(AbstractQueuedSynchronizer.java:2090)
	at java.base/java.util.concurrent.LinkedBlockingQueue.take(LinkedBlockingQueue.java:433)
	at nio.Server.lambda$createAnswerThread$2(Server.java:104)
	at java.base/java.lang.Thread.run(Thread.java:829)
]]></system-err>
</testsuite>
