<?xml version="1.0" encoding="UTF-8"?>
<testsuite name="nio.ClientTest" tests="1" skipped="0" failures="0" errors="0" timestamp="2022-03-26T11:01:01" hostname="iMac-Nikolay.local" time="1.016">
  <properties/>
  <testcase name="nullPorts" classname="nio.ClientTest" time="1.016"/>
  <system-out><![CDATA[]]></system-out>
  <system-err><![CDATA[]]></system-err>
</testsuite>
